2019-05-03 14:38:55.099  INFO 238696 --- [main] c.g.e.EurekaserverApplication            : No active profile set, falling back to default profiles: default
2019-05-03 14:38:56.305  WARN 238696 --- [main] o.s.boot.actuate.endpoint.EndpointId     : Endpoint ID 'service-registry' contains invalid characters, please migrate to a valid format.
2019-05-03 14:38:56.648  INFO 238696 --- [main] o.s.cloud.context.scope.GenericScope     : BeanFactory id=09396153-1f82-3cff-b82d-6f229c3cca7e
2019-05-03 14:38:56.810  INFO 238696 --- [main] trationDelegate$BeanPostProcessorChecker : Bean 'org.springframework.cloud.autoconfigure.ConfigurationPropertiesRebinderAutoConfiguration' of type [org.springframework.cloud.autoconfigure.ConfigurationPropertiesRebinderAutoConfiguration$$EnhancerBySpringCGLIB$$7c9e4495] is not eligible for getting processed by all BeanPostProcessors (for example: not eligible for auto-proxying)
2019-05-03 14:38:57.472  INFO 238696 --- [main] o.s.b.w.embedded.tomcat.TomcatWebServer  : Tomcat initialized with port(s): 1111 (http)
2019-05-03 14:38:57.503  INFO 238696 --- [main] o.apache.catalina.core.StandardService   : Starting service [Tomcat]
2019-05-03 14:38:57.503  INFO 238696 --- [main] org.apache.catalina.core.StandardEngine  : Starting Servlet engine: [Apache Tomcat/9.0.17]
2019-05-03 14:38:58.065  INFO 238696 --- [main] o.a.c.c.C.[Tomcat].[localhost].[/]       : Initializing Spring embedded WebApplicationContext
2019-05-03 14:38:58.065  INFO 238696 --- [main] o.s.web.context.ContextLoader            : Root WebApplicationContext: initialization completed in 2927 ms
2019-05-03 14:38:58.792  WARN 238696 --- [main] c.n.c.sources.URLConfigurationSource     : No URLs will be polled as dynamic configuration sources.
2019-05-03 14:38:58.793  INFO 238696 --- [main] c.n.c.sources.URLConfigurationSource     : To enable URLs as dynamic configuration sources, define System property archaius.configurationSource.additionalUrls or make config.properties available on classpath.
2019-05-03 14:38:58.859  INFO 238696 --- [main] c.netflix.config.DynamicPropertyFactory  : DynamicPropertyFactory is initialized with configuration sources: com.netflix.config.ConcurrentCompositeConfiguration@cb7fa71
2019-05-03 14:39:01.626  INFO 238696 --- [main] c.s.j.s.i.a.WebApplicationImpl           : Initiating Jersey application, version 'Jersey: 1.19.1 03/11/2016 02:08 PM'
2019-05-03 14:39:01.692  INFO 238696 --- [main] c.n.d.provider.DiscoveryJerseyProvider   : Using JSON encoding codec LegacyJacksonJson
2019-05-03 14:39:01.693  INFO 238696 --- [main] c.n.d.provider.DiscoveryJerseyProvider   : Using JSON decoding codec LegacyJacksonJson
2019-05-03 14:39:01.803  INFO 238696 --- [main] c.n.d.provider.DiscoveryJerseyProvider   : Using XML encoding codec XStreamXml
2019-05-03 14:39:01.803  INFO 238696 --- [main] c.n.d.provider.DiscoveryJerseyProvider   : Using XML decoding codec XStreamXml
2019-05-03 14:39:02.128  WARN 238696 --- [main] c.n.c.sources.URLConfigurationSource     : No URLs will be polled as dynamic configuration sources.
2019-05-03 14:39:02.129  INFO 238696 --- [main] c.n.c.sources.URLConfigurationSource     : To enable URLs as dynamic configuration sources, define System property archaius.configurationSource.additionalUrls or make config.properties available on classpath.
2019-05-03 14:39:02.296  INFO 238696 --- [main] o.s.s.concurrent.ThreadPoolTaskExecutor  : Initializing ExecutorService 'applicationTaskExecutor'
2019-05-03 14:39:05.130  INFO 238696 --- [main] o.s.c.n.eureka.InstanceInfoFactory       : Setting initial instance status as: STARTING
2019-05-03 14:39:05.174  INFO 238696 --- [main] com.netflix.discovery.DiscoveryClient    : Initializing Eureka in region us-east-1
2019-05-03 14:39:05.174  INFO 238696 --- [main] com.netflix.discovery.DiscoveryClient    : Client configured to neither register nor query for data.
2019-05-03 14:39:05.182  INFO 238696 --- [main] com.netflix.discovery.DiscoveryClient    : Discovery Client initialized at timestamp 1556865545180 with initial instances count: 0
2019-05-03 14:39:05.231  INFO 238696 --- [main] c.n.eureka.DefaultEurekaServerContext    : Initializing ...
2019-05-03 14:39:05.235  WARN 238696 --- [main] c.n.eureka.cluster.PeerEurekaNodes       : The replica size seems to be empty. Check the route 53 DNS Registry
2019-05-03 14:39:05.252  INFO 238696 --- [main] c.n.e.registry.AbstractInstanceRegistry  : Finished initializing remote region registries. All known remote regions: []
2019-05-03 14:39:05.252  INFO 238696 --- [main] c.n.eureka.DefaultEurekaServerContext    : Initialized
2019-05-03 14:39:05.261  INFO 238696 --- [main] o.s.b.a.e.web.EndpointLinksResolver      : Exposing 2 endpoint(s) beneath base path '/actuator'
2019-05-03 14:39:05.322  INFO 238696 --- [main] o.s.c.n.e.s.EurekaServiceRegistry        : Registering application EUREKA-SERVER with eureka with status UP
2019-05-03 14:39:05.325  INFO 238696 --- [Thread-39] o.s.c.n.e.server.EurekaServerBootstrap   : Setting the eureka configuration..
2019-05-03 14:39:05.326  INFO 238696 --- [Thread-39] o.s.c.n.e.server.EurekaServerBootstrap   : Eureka data center value eureka.datacenter is not set, defaulting to default
2019-05-03 14:39:05.327  INFO 238696 --- [Thread-39] o.s.c.n.e.server.EurekaServerBootstrap   : Eureka environment value eureka.environment is not set, defaulting to test
2019-05-03 14:39:05.341  INFO 238696 --- [Thread-39] o.s.c.n.e.server.EurekaServerBootstrap   : isAws returned false
2019-05-03 14:39:05.342  INFO 238696 --- [Thread-39] o.s.c.n.e.server.EurekaServerBootstrap   : Initialized server context
2019-05-03 14:39:05.342  INFO 238696 --- [Thread-39] c.n.e.r.PeerAwareInstanceRegistryImpl    : Got 1 instances from neighboring DS node
2019-05-03 14:39:05.342  INFO 238696 --- [Thread-39] c.n.e.r.PeerAwareInstanceRegistryImpl    : Renew threshold is: 1
2019-05-03 14:39:05.342  INFO 238696 --- [Thread-39] c.n.e.r.PeerAwareInstanceRegistryImpl    : Changing status to UP
2019-05-03 14:39:05.350  INFO 238696 --- [Thread-39] e.s.EurekaServerInitializerConfiguration : Started Eureka Server
2019-05-03 14:39:05.383  INFO 238696 --- [main] o.s.b.w.embedded.tomcat.TomcatWebServer  : Tomcat started on port(s): 1111 (http) with context path ''
2019-05-03 14:39:05.384  INFO 238696 --- [main] .s.c.n.e.s.EurekaAutoServiceRegistration : Updating port to 1111
2019-05-03 14:39:05.385  INFO 238696 --- [main] c.g.e.EurekaserverApplication            : Started EurekaserverApplication in 14.383 seconds (JVM running for 18.306)
2019-05-03 14:39:05.879  INFO 238696 --- [RMI TCP Connection(10)-127.0.0.1] o.a.c.c.C.[Tomcat].[localhost].[/]       : Initializing Spring DispatcherServlet 'dispatcherServlet'
2019-05-03 14:39:05.880  INFO 238696 --- [RMI TCP Connection(10)-127.0.0.1] o.s.web.servlet.DispatcherServlet        : Initializing Servlet 'dispatcherServlet'
2019-05-03 14:39:05.888  INFO 238696 --- [RMI TCP Connection(10)-127.0.0.1] o.s.web.servlet.DispatcherServlet        : Completed initialization in 8 ms
2019-05-03 14:40:05.343  INFO 238696 --- [Eureka-EvictionTimer] c.n.e.registry.AbstractInstanceRegistry  : Running the evict task with compensationTime 0ms
